session generation v3.7.12 (build 1) (c)Maxim IC 2006-2011
UCL Version: 2.4.7-snapshot1409120937 (rev 2028-dirty) - release FREE_RELEASE (Sep 12 2014)<session SCP-ANGELA-ECDSA>
<host>.0000001.CON_REQ
beefed01000090f3
<chip>.0000002.CON_REP
beefed0200009001
<host>.0000003.ACK
beefed06000090c7
<host>.0000004.DATA_TRANSFER-HELLO
beefed05000e90c31000000a48454c4c4f20424c030236920731
<chip>.0000005.ACK
beefed06000090c7
<chip>.0000006.DATA_TRANSFER-HELLO_REP
beefed05003691622000003248454c4c4f20484f535401000000000000c00500abcdef01000102abcdaef600000000000000000000000000000000000000a836acf6
<host>.0000007.ACK
beefed06000091a3
<host>.0000008.DATA_TRANSFER-renew-crk
beefed05010892fb5a0000c4461a00c0a823c8857948dc688f3a3ef3f6f220a514f05c2c6c1cef8c9f2f8df11dcf01423be124619cbbeb51e985328e8e33d321cade19628cc0db43304a7b27f2db8efeb120de4aa36492795346e8de6c2c8646ae06aaea279fa775b3ab0715f6ce51b09f1b7eece20d7b5ed8ec685fa3f071d83727027092a8411385c34dde5708b2b6a8a5a7d743a6f7c15add46c00614fd49b35a9c3ded623994fe5dc810be516462fca2f48ec0b47a7197f0230a621f6201a50cbef0a303c8d5f821a5b8d361c96ce2d0d0652d8fd55145b1ae291a32f2666a283e7d5c62124bb0c60b0c6ac54c0a4bb075fa4bbb0a0d7cae7ff1afa3a1ba10a6e6ff743780fb9c6bd82fc1f1861bb2c05bf2
<chip>.0000009.ACK
beefed0600009240
<chip>.0000010.DATA_TRANSFER-rewrite_crk_response
beefed05000893bd5a00000400000000fc664624
<host>.0000011.ACK
beefed0600009302
<host>.0000012.DISC_REQ
beefed0300009496
<chip>.0000013.DISC_REP
beefed0400009488
