session generation v3.8.3 (build 1) (c)Maxim IC 2006-2011
UCL Version: 2.5.11-snapshot1707281629 (rev 2643) - release FREE_RELEASE (Sep 25 2017)<session SCP-ANGELA-ECDSA>
<host>.0000001.CON_REQ
beefed01000090f3
<chip>.0000002.CON_REP
beefed0200009001
<host>.0000003.ACK
beefed06000090c7
<host>.0000004.DATA_TRANSFER-HELLO
beefed05000e90c31000000a48454c4c4f20424c030236920731
<chip>.0000005.ACK
beefed06000090c7
<chip>.0000006.DATA_TRANSFER-HELLO_REP
beefed05003691622000003248454c4c4f20484f535401000000000000c00500abcdef01000102abcdaef600000000000000000000000000000000000000a836acf6
<host>.0000007.ACK
beefed06000091a3
<host>.0000008.DATA_TRANSFER-write-crk
beefed0500c892dc5a000084470a0080a823c8857948dc688f3a3ef3f6f220a514f05c2c6c1cef8c9f2f8df11dcf01423be124619cbbeb51e985328e8e33d321cade19628cc0db43304a7b27f2db8efeb6d996331516ceb547dcef4ea6574e8d2af1a7cd91d2dc14b5aafc178618d9caf3b8824a6f1a2bb8246766020533a0d31aee06804251a628499f285d1c40a63e97cb4b28e3ef597162d31b97196febc9ff78ac5f7e786f1a785005ed5a5e5b2d344e868ce0af3f91f361757b18af24aa55258dbc261e0a77e133e81b9644edc9bd7f1398
<chip>.0000009.ACK
beefed0600009240
<chip>.0000010.DATA_TRANSFER-write_crk_response
beefed05000893bd5a00000400000000fc664624
<host>.0000011.ACK
beefed0600009302
<host>.0000012.DISC_REQ
beefed0300009496
<chip>.0000013.DISC_REP
beefed0400009488
