session generation v4.3.2 (May 10 2022 10:31:43) (c)Maxim Integrated
Session mode : SCP_ECDSA
<session SCP_ECDSA>
<target>.0000001.CON_REQ
beefed01000090f3
<host>.0000002.CON_REP
beefed0200009001
<target>.0000003.ACK
beefed06000090c7
<target>.0000004.DATA_TRANSFER
beefed05000e90c31000000a48454c4c4f20424c030236920731
<host>.0000005.ACK
beefed06000090c7
<host>.0000006.DATA_TRANSFER
beefed05003691622000003248454c4c4f20484f535401000000000000c0040043471fd203080c0700007f00000000000000000000000000000000000000a73ed287
<target>.0000007.ACK
beefed06000091a3
<target>.0000008.DATA_TRANSFER
beefed05004992605a0000054428550006c3a7c61440e3823f082d144523e562056a7dfcdbd0443e1af65f1a54c90c079ebe4d0d201b470f568cb219c1c79fbd2758d80b35e39f9d94224b17c647f06cfbe71b5892
<host>.0000009.ACK
beefed0600009240
<host>.0000010.DATA_TRANSFER
beefed05000893bd5a00000400000000fc664624
<target>.0000011.ACK
beefed0600009302
<target>.0000012.DISC_REQ
beefed0300009496
<host>.0000013.DISC_REP
beefed0400009488
