\BOOKMARK [0][-]{chapter.1}{\376\377\0001\000\040\000D\000o\000c\000u\000m\000e\000n\000t\000\040\000d\000e\000t\000a\000i\000l\000s}{}% 1
\BOOKMARK [1][-]{section.1.1}{\376\377\0001\000.\0001\000\040\000R\000e\000l\000e\000a\000s\000e\000\040\000N\000o\000t\000e\000s}{chapter.1}% 2
\BOOKMARK [0][-]{chapter.2}{\376\377\0002\000\040\000C\000o\000p\000y\000r\000i\000g\000h\000t\000\040\000N\000o\000t\000i\000c\000e}{}% 3
\BOOKMARK [0][-]{chapter.3}{\376\377\0003\000\040\000T\000r\000a\000d\000e\000m\000a\000r\000k\000s}{}% 4
\BOOKMARK [0][-]{chapter.4}{\376\377\0004\000\040\000I\000n\000t\000r\000o\000d\000u\000c\000t\000i\000o\000n}{}% 5
\BOOKMARK [0][-]{chapter.5}{\376\377\0005\000\040\000S\000e\000c\000u\000r\000i\000t\000y\000\040\000A\000r\000c\000h\000i\000t\000e\000c\000t\000u\000r\000e\000\040\000P\000r\000e\000s\000e\000n\000t\000a\000t\000i\000o\000n}{}% 6
\BOOKMARK [1][-]{section.5.1}{\376\377\0005\000.\0001\000\040\000P\000r\000i\000m\000e\000r\000\040\000o\000n\000\040\000C\000o\000r\000t\000e\000x\000-\000M\000\040\000s\000e\000c\000u\000r\000i\000t\000y\000\040\000m\000e\000c\000h\000a\000n\000i\000s\000m\000s}{chapter.5}% 7
\BOOKMARK [1][-]{section.5.2}{\376\377\0005\000.\0002\000\040\000H\000y\000p\000e\000r\000v\000i\000s\000o\000r\000-\000b\000a\000s\000e\000d\000\040\000s\000o\000f\000t\000w\000a\000r\000e\000\040\000i\000s\000o\000l\000a\000t\000i\000o\000n}{chapter.5}% 8
\BOOKMARK [2][-]{subsection.5.2.1}{\376\377\0005\000.\0002\000.\0001\000\040\000C\000o\000d\000e\000\040\000p\000a\000r\000t\000i\000t\000i\000o\000n\000i\000n\000g\000:\000\040\000C\000o\000r\000e\000\040\000f\000i\000r\000m\000w\000a\000r\000e\000\040\000a\000n\000d\000\040\000S\000e\000c\000u\000r\000e\000\040\000c\000o\000n\000t\000a\000i\000n\000e\000r\000s\000\040\000\050\000a\000k\000a\000\040\000`\000\250\000b\000o\000x\000e\000s\000`\000\250\000\051}{section.5.2}% 9
\BOOKMARK [2][-]{subsection.5.2.2}{\376\377\0005\000.\0002\000.\0002\000\040\000H\000y\000p\000e\000r\000v\000i\000s\000o\000r\000\040\000i\000n\000i\000t\000i\000a\000l\000i\000z\000a\000t\000i\000o\000n}{section.5.2}% 10
\BOOKMARK [2][-]{subsection.5.2.3}{\376\377\0005\000.\0002\000.\0003\000\040\000C\000o\000n\000t\000e\000x\000t\000\040\000s\000w\000i\000t\000c\000h\000e\000s}{section.5.2}% 11
\BOOKMARK [2][-]{subsection.5.2.4}{\376\377\0005\000.\0002\000.\0004\000\040\000S\000u\000m\000m\000a\000r\000y\000\040\000o\000f\000\040\000M\000P\000U\000\040\000p\000r\000o\000t\000e\000c\000t\000i\000o\000n\000\040\000e\000f\000f\000e\000c\000t\000s}{section.5.2}% 12
\BOOKMARK [1][-]{section.5.3}{\376\377\0005\000.\0003\000\040\000C\000h\000a\000i\000n\000-\000o\000f\000-\000T\000r\000u\000s\000t\000,\000\040\000f\000i\000r\000m\000w\000a\000r\000e\000\040\000i\000n\000t\000e\000g\000r\000i\000t\000y\000\040\000a\000n\000d\000\040\000a\000u\000t\000h\000e\000n\000t\000i\000c\000i\000t\000y}{chapter.5}% 13
\BOOKMARK [2][-]{subsection.5.3.1}{\376\377\0005\000.\0003\000.\0001\000\040\000S\000e\000c\000u\000r\000e\000\040\000B\000o\000o\000t\000\040\000f\000i\000r\000m\000w\000a\000r\000e\000\040\000a\000n\000d\000\040\000v\000e\000r\000i\000f\000i\000c\000a\000t\000i\000o\000n\000\040\000k\000e\000y\000\040\000a\000r\000e\000\040\000i\000n\000\040\000i\000m\000m\000u\000t\000a\000b\000l\000e\000\040\000m\000e\000m\000o\000r\000i\000e\000s\000\040\000w\000i\000t\000h\000\040\000i\000n\000t\000e\000g\000r\000i\000t\000y\000\040\000c\000h\000e\000c\000k}{section.5.3}% 14
\BOOKMARK [2][-]{subsection.5.3.2}{\376\377\0005\000.\0003\000.\0002\000\040\000N\000o\000\040\000c\000o\000d\000e\000\040\000l\000o\000a\000d\000i\000n\000g\000/\000i\000n\000j\000e\000c\000t\000i\000o\000n\000\040\000i\000s\000\040\000p\000o\000s\000s\000i\000b\000l\000e\000\040\000e\000x\000c\000e\000p\000t\000\040\000t\000h\000r\000o\000u\000g\000h\000\040\000a\000\040\000s\000e\000c\000u\000r\000e\000\040\000l\000o\000a\000d\000e\000r}{section.5.3}% 15
\BOOKMARK [1][-]{section.5.4}{\376\377\0005\000.\0004\000\040\000S\000u\000m\000m\000a\000r\000y\000\040\000o\000f\000\040\000s\000o\000f\000t\000w\000a\000r\000e\000\040\000i\000t\000e\000m\000s\000,\000\040\000k\000e\000y\000s\000\040\000a\000n\000d\000\040\000t\000h\000e\000i\000r\000\040\000p\000r\000o\000t\000e\000c\000t\000i\000o\000n}{chapter.5}% 16
\BOOKMARK [1][-]{section.5.5}{\376\377\0005\000.\0005\000\040\000A\000d\000d\000i\000t\000i\000o\000n\000a\000l\000\040\000c\000o\000n\000s\000i\000d\000e\000r\000a\000t\000i\000o\000n\000s}{chapter.5}% 17
\BOOKMARK [2][-]{subsection.5.5.1}{\376\377\0005\000.\0005\000.\0001\000\040\000A\000b\000s\000e\000n\000c\000e\000\040\000o\000f\000\040\000b\000a\000c\000k\000d\000o\000o\000r\000s}{section.5.5}% 18
\BOOKMARK [2][-]{subsection.5.5.2}{\376\377\0005\000.\0005\000.\0002\000\040\000E\000x\000e\000c\000u\000t\000i\000o\000n\000\040\000f\000r\000o\000m\000\040\000i\000n\000t\000e\000r\000n\000a\000l\000\040\000m\000e\000m\000o\000r\000i\000e\000s}{section.5.5}% 19
\BOOKMARK [2][-]{subsection.5.5.3}{\376\377\0005\000.\0005\000.\0003\000\040\000P\000r\000o\000t\000e\000c\000t\000i\000o\000n\000\040\000o\000f\000\040\000e\000x\000t\000e\000r\000n\000a\000l\000\040\000m\000e\000m\000o\000r\000i\000e\000s}{section.5.5}% 20
\BOOKMARK [2][-]{subsection.5.5.4}{\376\377\0005\000.\0005\000.\0004\000\040\000E\000a\000r\000l\000y\000\040\000e\000x\000e\000c\000u\000t\000i\000o\000n\000\040\000t\000h\000e\000\040\000S\000e\000c\000u\000r\000e\000\040\000B\000o\000o\000t\000\040\000R\000O\000M\000\040\000a\000n\000d\000\040\000o\000f\000\040\000t\000h\000e\000\040\000i\000s\000o\000l\000a\000t\000i\000o\000n\000\040\000m\000e\000c\000h\000a\000n\000i\000s\000m}{section.5.5}% 21
\BOOKMARK [1][-]{section.5.6}{\376\377\0005\000.\0006\000\040\000H\000a\000r\000d\000w\000a\000r\000e\000\040\000e\000n\000f\000o\000r\000c\000e\000d\000\040\000s\000e\000c\000u\000r\000i\000t\000y}{chapter.5}% 22
\BOOKMARK [2][-]{subsection.5.6.1}{\376\377\0005\000.\0006\000.\0001\000\040\000C\000o\000r\000t\000e\000x\000-\000M\000\040\000m\000e\000c\000h\000a\000n\000i\000s\000m\000s\000:\000\040\000M\000P\000U\000,\000\040\000p\000r\000i\000v\000i\000l\000e\000g\000e\000s\000,\000\040\000N\000V\000I\000C}{section.5.6}% 23
\BOOKMARK [2][-]{subsection.5.6.2}{\376\377\0005\000.\0006\000.\0002\000\040\000N\000V\000S\000R\000A\000M\000\040\000-\000\040\000B\000a\000t\000t\000e\000r\000y\000\040\000b\000a\000c\000k\000e\000d\000\040\000n\000o\000n\000\040\000v\000o\000l\000a\000t\000i\000l\000e\000\040\000R\000A\000M}{section.5.6}% 24
\BOOKMARK [2][-]{subsection.5.6.3}{\376\377\0005\000.\0006\000.\0003\000\040\000S\000e\000n\000s\000o\000r\000s}{section.5.6}% 25
\BOOKMARK [2][-]{subsection.5.6.4}{\376\377\0005\000.\0006\000.\0004\000\040\000R\000e\000a\000d\000-\000O\000n\000l\000y\000\040\000M\000e\000m\000o\000r\000y\000,\000\040\000O\000n\000e\000-\000T\000i\000m\000e\000\040\000p\000r\000o\000g\000r\000a\000m\000m\000a\000b\000l\000e\000\040\000m\000e\000m\000o\000r\000y}{section.5.6}% 26
\BOOKMARK [1][-]{section.5.7}{\376\377\0005\000.\0007\000\040\000S\000e\000c\000u\000r\000e\000\040\000A\000P\000I}{chapter.5}% 27
\BOOKMARK [1][-]{section.5.8}{\376\377\0005\000.\0008\000\040\000M\000a\000x\000i\000m\000\040\000I\000n\000t\000e\000g\000r\000a\000t\000e\000d\000\040\000d\000e\000v\000e\000l\000o\000p\000m\000e\000n\000t\000\040\000p\000r\000o\000c\000e\000s\000s}{chapter.5}% 28
\BOOKMARK [2][-]{subsection.5.8.1}{\376\377\0005\000.\0008\000.\0001\000\040\000S\000o\000u\000r\000c\000e\000\040\000c\000o\000d\000e\000\040\000c\000o\000n\000t\000r\000o\000l}{section.5.8}% 29
\BOOKMARK [2][-]{subsection.5.8.2}{\376\377\0005\000.\0008\000.\0002\000\040\000B\000u\000g\000\040\000t\000r\000a\000c\000k\000i\000n\000g}{section.5.8}% 30
\BOOKMARK [2][-]{subsection.5.8.3}{\376\377\0005\000.\0008\000.\0003\000\040\000C\000o\000d\000e\000\040\000r\000e\000v\000i\000e\000w}{section.5.8}% 31
\BOOKMARK [2][-]{subsection.5.8.4}{\376\377\0005\000.\0008\000.\0004\000\040\000S\000o\000u\000r\000c\000e\000\040\000c\000o\000d\000e\000\040\000c\000o\000n\000t\000r\000o\000l}{section.5.8}% 32
\BOOKMARK [2][-]{subsection.5.8.5}{\376\377\0005\000.\0008\000.\0005\000\040\000D\000e\000v\000e\000l\000o\000p\000e\000r\000\047\000s\000\040\000g\000u\000i\000d\000e\000l\000i\000n\000e\000s}{section.5.8}% 33
\BOOKMARK [2][-]{subsection.5.8.6}{\376\377\0005\000.\0008\000.\0006\000\040\000F\000i\000r\000m\000w\000a\000r\000e\000\040\000v\000e\000r\000s\000i\000o\000n\000i\000n\000g\000\040\000a\000n\000d\000\040\000m\000a\000n\000a\000g\000e\000m\000e\000n\000t}{section.5.8}% 34
\BOOKMARK [1][-]{section.5.9}{\376\377\0005\000.\0009\000\040\000C\000o\000n\000c\000l\000u\000s\000i\000o\000n}{chapter.5}% 35
\BOOKMARK [2][-]{subsection.5.9.1}{\376\377\0005\000.\0009\000.\0001\000\040\000A\000r\000c\000h\000i\000t\000e\000c\000t\000u\000r\000e\000\040\000d\000i\000a\000g\000r\000a\000m\000,\000\040\000P\000C\000I\000\040\000f\000i\000r\000m\000w\000a\000r\000e\000\040\000p\000e\000r\000i\000m\000e\000t\000e\000r}{section.5.9}% 36
\BOOKMARK [0][-]{chapter.6}{\376\377\0006\000\040\000D\000e\000s\000i\000g\000n\000\040\000D\000e\000s\000c\000r\000i\000p\000t\000i\000o\000n}{}% 37
\BOOKMARK [1][-]{section.6.1}{\376\377\0006\000.\0001\000\040\000S\000o\000f\000t\000w\000a\000r\000e\000\040\000A\000P\000I\000\040\000S\000p\000e\000c\000i\000f\000i\000c\000a\000t\000i\000o\000n}{chapter.6}% 38
\BOOKMARK [1][-]{section.6.2}{\376\377\0006\000.\0002\000\040\000A\000p\000p\000l\000i\000c\000a\000t\000i\000o\000n\000\040\000b\000o\000x\000\050\000e\000s\000\051}{chapter.6}% 39
\BOOKMARK [1][-]{section.6.3}{\376\377\0006\000.\0003\000\040\000O\000p\000e\000r\000a\000t\000i\000n\000g\000\040\000s\000y\000s\000t\000e\000m\000,\000\040\000d\000r\000i\000v\000e\000r\000s\000,\000\040\000C\000\040\000l\000i\000b\000r\000a\000r\000y\000,\000\040\000o\000t\000h\000e\000r\000\040\000l\000i\000b\000r\000a\000r\000i\000e\000s\000.\000.\000.}{chapter.6}% 40
\BOOKMARK [1][-]{section.6.4}{\376\377\0006\000.\0004\000\040\000S\000e\000c\000u\000r\000i\000t\000y\000\040\000M\000o\000n\000i\000t\000o\000r}{chapter.6}% 41
\BOOKMARK [1][-]{section.6.5}{\376\377\0006\000.\0005\000\040\000S\000e\000c\000u\000r\000e\000\040\000S\000a\000n\000d\000b\000o\000x\000\040\000s\000e\000r\000v\000i\000c\000e\000s\000\040\000\050\000G\000e\000n\000e\000r\000i\000c\000\040\000S\000e\000c\000u\000r\000i\000t\000y\000\040\000f\000u\000n\000c\000t\000i\000o\000n\000s\000\051}{chapter.6}% 42
\BOOKMARK [2][-]{subsection.6.5.1}{\376\377\0006\000.\0005\000.\0001\000\040\000D\000e\000t\000a\000i\000l\000e\000d\000\040\000D\000e\000s\000c\000r\000i\000p\000t\000i\000o\000n}{section.6.5}% 43
\BOOKMARK [2][-]{subsection.6.5.2}{\376\377\0006\000.\0005\000.\0002\000\040\000C\000r\000y\000p\000t\000o\000g\000r\000a\000p\000h\000y}{section.6.5}% 44
\BOOKMARK [2][-]{subsection.6.5.3}{\376\377\0006\000.\0005\000.\0003\000\040\000G\000l\000o\000b\000a\000l\000\040\000m\000a\000n\000a\000g\000e\000m\000e\000n\000t\000\040\000f\000u\000n\000c\000t\000i\000o\000n\000s}{section.6.5}% 45
\BOOKMARK [3][-]{subsubsection.6.5.3.1}{\376\377\0006\000.\0005\000.\0003\000.\0001\000\040\000D\000e\000t\000a\000i\000l\000e\000d\000\040\000D\000e\000s\000c\000r\000i\000p\000t\000i\000o\000n}{subsection.6.5.3}% 46
\BOOKMARK [3][-]{subsubsection.6.5.3.2}{\376\377\0006\000.\0005\000.\0003\000.\0002\000\040\000F\000u\000n\000c\000t\000i\000o\000n\000\040\000D\000o\000c\000u\000m\000e\000n\000t\000a\000t\000i\000o\000n}{subsection.6.5.3}% 47
\BOOKMARK [2][-]{subsection.6.5.4}{\376\377\0006\000.\0005\000.\0004\000\040\000I\000/\000O\000\040\000A\000P\000I}{section.6.5}% 48
\BOOKMARK [3][-]{subsubsection.6.5.4.1}{\376\377\0006\000.\0005\000.\0004\000.\0001\000\040\000D\000e\000t\000a\000i\000l\000e\000d\000\040\000D\000e\000s\000c\000r\000i\000p\000t\000i\000o\000n}{subsection.6.5.4}% 49
\BOOKMARK [3][-]{subsubsection.6.5.4.2}{\376\377\0006\000.\0005\000.\0004\000.\0002\000\040\000F\000u\000n\000c\000t\000i\000o\000n\000\040\000D\000o\000c\000u\000m\000e\000n\000t\000a\000t\000i\000o\000n}{subsection.6.5.4}% 50
\BOOKMARK [2][-]{subsection.6.5.5}{\376\377\0006\000.\0005\000.\0005\000\040\000K\000e\000y\000\040\000M\000a\000n\000a\000g\000e\000r}{section.6.5}% 51
\BOOKMARK [2][-]{subsection.6.5.6}{\376\377\0006\000.\0005\000.\0006\000\040\000M\000e\000m\000o\000r\000y\000\040\000M\000a\000n\000a\000g\000e\000r}{section.6.5}% 52
\BOOKMARK [3][-]{subsubsection.6.5.6.1}{\376\377\0006\000.\0005\000.\0006\000.\0001\000\040\000D\000e\000t\000a\000i\000l\000e\000d\000\040\000D\000e\000s\000c\000r\000i\000p\000t\000i\000o\000n}{subsection.6.5.6}% 53
\BOOKMARK [3][-]{subsubsection.6.5.6.2}{\376\377\0006\000.\0005\000.\0006\000.\0002\000\040\000F\000u\000n\000c\000t\000i\000o\000n\000\040\000D\000o\000c\000u\000m\000e\000n\000t\000a\000t\000i\000o\000n}{subsection.6.5.6}% 54
\BOOKMARK [1][-]{section.6.6}{\376\377\0006\000.\0006\000\040\000P\000C\000I\000\040\000S\000e\000c\000u\000r\000i\000t\000y\000\040\000S\000e\000r\000v\000i\000c\000e\000s\000,\000\040\000S\000e\000c\000u\000r\000i\000t\000y\000\040\000f\000u\000n\000c\000t\000i\000o\000n\000s\000\040\000d\000e\000d\000i\000c\000a\000t\000e\000d\000\040\000t\000o\000\040\000P\000C\000I\000\040\000P\000T\000S\000\040\000P\000O\000I\000\040\000s\000e\000c\000u\000r\000i\000t\000y}{chapter.6}% 55
\BOOKMARK [2][-]{subsection.6.6.1}{\376\377\0006\000.\0006\000.\0001\000\040\000D\000e\000t\000a\000i\000l\000e\000d\000\040\000D\000e\000s\000c\000r\000i\000p\000t\000i\000o\000n}{section.6.6}% 56
\BOOKMARK [2][-]{subsection.6.6.2}{\376\377\0006\000.\0006\000.\0002\000\040\000E\000M\000V\000-\000L\000e\000v\000e\000l\000\040\0001\000\040\000S\000m\000a\000r\000t\000\040\000C\000a\000r\000d}{section.6.6}% 57
\BOOKMARK [3][-]{subsubsection.6.6.2.1}{\376\377\0006\000.\0006\000.\0002\000.\0001\000\040\000D\000e\000t\000a\000i\000l\000e\000d\000\040\000D\000e\000s\000c\000r\000i\000p\000t\000i\000o\000n}{subsection.6.6.2}% 58
\BOOKMARK [3][-]{subsubsection.6.6.2.2}{\376\377\0006\000.\0006\000.\0002\000.\0002\000\040\000F\000u\000n\000c\000t\000i\000o\000n\000\040\000D\000o\000c\000u\000m\000e\000n\000t\000a\000t\000i\000o\000n}{subsection.6.6.2}% 59
\BOOKMARK [2][-]{subsection.6.6.3}{\376\377\0006\000.\0006\000.\0003\000\040\000P\000I\000N\000\040\000h\000a\000n\000d\000l\000i\000n\000g}{section.6.6}% 60
\BOOKMARK [3][-]{subsubsection.6.6.3.1}{\376\377\0006\000.\0006\000.\0003\000.\0001\000\040\000D\000e\000t\000a\000i\000l\000e\000d\000\040\000D\000e\000s\000c\000r\000i\000p\000t\000i\000o\000n}{subsection.6.6.3}% 61
\BOOKMARK [3][-]{subsubsection.6.6.3.2}{\376\377\0006\000.\0006\000.\0003\000.\0002\000\040\000F\000u\000n\000c\000t\000i\000o\000n\000\040\000D\000o\000c\000u\000m\000e\000n\000t\000a\000t\000i\000o\000n}{subsection.6.6.3}% 62
\BOOKMARK [2][-]{subsection.6.6.4}{\376\377\0006\000.\0006\000.\0004\000\040\000M\000a\000g\000n\000e\000t\000i\000c\000\040\000S\000t\000r\000i\000p\000e}{section.6.6}% 63
\BOOKMARK [1][-]{section.6.7}{\376\377\0006\000.\0007\000\040\000u\000V\000i\000s\000o\000r\000\040\000A\000P\000I}{chapter.6}% 64
\BOOKMARK [2][-]{subsection.6.7.1}{\376\377\0006\000.\0007\000.\0001\000\040\000D\000e\000t\000a\000i\000l\000e\000d\000\040\000D\000e\000s\000c\000r\000i\000p\000t\000i\000o\000n}{section.6.7}% 65
\BOOKMARK [2][-]{subsection.6.7.2}{\376\377\0006\000.\0007\000.\0002\000\040\000D\000a\000t\000a\000\040\000S\000t\000r\000u\000c\000t\000u\000r\000e\000\040\000D\000o\000c\000u\000m\000e\000n\000t\000a\000t\000i\000o\000n}{section.6.7}% 66
\BOOKMARK [3][-]{subsubsection.6.7.2.1}{\376\377\0006\000.\0007\000.\0002\000.\0001\000\040\000s\000t\000r\000u\000c\000t\000\040\000U\000v\000i\000s\000o\000r\000B\000o\000x\000A\000c\000l\000I\000t\000e\000m}{subsection.6.7.2}% 67
\BOOKMARK [2][-]{subsection.6.7.3}{\376\377\0006\000.\0007\000.\0003\000\040\000M\000a\000c\000r\000o\000\040\000D\000e\000f\000i\000n\000i\000t\000i\000o\000n\000\040\000D\000o\000c\000u\000m\000e\000n\000t\000a\000t\000i\000o\000n}{section.6.7}% 68
\BOOKMARK [3][-]{subsubsection.6.7.3.1}{\376\377\0006\000.\0007\000.\0003\000.\0001\000\040\000U\000V\000I\000S\000O\000R\000\137\000B\000O\000X\000\137\000C\000O\000N\000F\000I\000G}{subsection.6.7.3}% 69
\BOOKMARK [3][-]{subsubsection.6.7.3.2}{\376\377\0006\000.\0007\000.\0003\000.\0002\000\040\000U\000V\000I\000S\000O\000R\000\137\000B\000O\000X\000\137\000N\000A\000M\000E\000S\000P\000A\000C\000E}{subsection.6.7.3}% 70
\BOOKMARK [3][-]{subsubsection.6.7.3.3}{\376\377\0006\000.\0007\000.\0003\000.\0003\000\040\000U\000V\000I\000S\000O\000R\000\137\000S\000E\000T\000\137\000M\000O\000D\000E}{subsection.6.7.3}% 71
\BOOKMARK [3][-]{subsubsection.6.7.3.4}{\376\377\0006\000.\0007\000.\0003\000.\0004\000\040\000U\000V\000I\000S\000O\000R\000\137\000S\000E\000T\000\137\000M\000O\000D\000E\000\137\000A\000C\000L}{subsection.6.7.3}% 72
\BOOKMARK [2][-]{subsection.6.7.4}{\376\377\0006\000.\0007\000.\0004\000\040\000T\000y\000p\000e\000d\000e\000f\000\040\000D\000o\000c\000u\000m\000e\000n\000t\000a\000t\000i\000o\000n}{section.6.7}% 73
\BOOKMARK [3][-]{subsubsection.6.7.4.1}{\376\377\0006\000.\0007\000.\0004\000.\0001\000\040\000U\000v\000i\000s\000o\000r\000B\000o\000x\000A\000c\000l}{subsection.6.7.4}% 74
\BOOKMARK [2][-]{subsection.6.7.5}{\376\377\0006\000.\0007\000.\0005\000\040\000F\000u\000n\000c\000t\000i\000o\000n\000\040\000D\000o\000c\000u\000m\000e\000n\000t\000a\000t\000i\000o\000n}{section.6.7}% 75
\BOOKMARK [3][-]{subsubsection.6.7.5.1}{\376\377\0006\000.\0007\000.\0005\000.\0001\000\040\000c\000h\000e\000c\000k\000\137\000a\000c\000l\000\050\000\051}{subsection.6.7.5}% 76
\BOOKMARK [3][-]{subsubsection.6.7.5.2}{\376\377\0006\000.\0007\000.\0005\000.\0002\000\040\000r\000p\000c\000\137\000f\000n\000c\000a\000l\000l\000\137\000w\000a\000i\000t\000f\000o\000r\000\050\000\051}{subsection.6.7.5}% 77
\BOOKMARK [3][-]{subsubsection.6.7.5.3}{\376\377\0006\000.\0007\000.\0005\000.\0003\000\040\000u\000v\000i\000s\000o\000r\000\137\000b\000o\000x\000\137\000i\000d\000\137\000s\000e\000l\000f\000\050\000\051}{subsection.6.7.5}% 78
\BOOKMARK [3][-]{subsubsection.6.7.5.4}{\376\377\0006\000.\0007\000.\0005\000.\0004\000\040\000u\000v\000i\000s\000o\000r\000\137\000b\000o\000x\000\137\000n\000a\000m\000e\000s\000p\000a\000c\000e\000\050\000\051}{subsection.6.7.5}% 79
\BOOKMARK [3][-]{subsubsection.6.7.5.5}{\376\377\0006\000.\0007\000.\0005\000.\0005\000\040\000u\000v\000i\000s\000o\000r\000\137\000b\000o\000x\000\137\000s\000i\000g\000n\000i\000n\000g\000k\000e\000y\000\050\000\051}{subsection.6.7.5}% 80
\BOOKMARK [3][-]{subsubsection.6.7.5.6}{\376\377\0006\000.\0007\000.\0005\000.\0006\000\040\000v\000I\000R\000Q\000\137\000C\000l\000e\000a\000r\000P\000e\000n\000d\000i\000n\000g\000I\000R\000Q\000\050\000\051}{subsection.6.7.5}% 81
\BOOKMARK [3][-]{subsubsection.6.7.5.7}{\376\377\0006\000.\0007\000.\0005\000.\0007\000\040\000v\000I\000R\000Q\000\137\000D\000i\000s\000a\000b\000l\000e\000I\000R\000Q\000\050\000\051}{subsection.6.7.5}% 82
\BOOKMARK [3][-]{subsubsection.6.7.5.8}{\376\377\0006\000.\0007\000.\0005\000.\0008\000\040\000v\000I\000R\000Q\000\137\000E\000n\000a\000b\000l\000e\000I\000R\000Q\000\050\000\051}{subsection.6.7.5}% 83
\BOOKMARK [3][-]{subsubsection.6.7.5.9}{\376\377\0006\000.\0007\000.\0005\000.\0009\000\040\000v\000I\000R\000Q\000\137\000G\000e\000t\000L\000e\000v\000e\000l\000\050\000\051}{subsection.6.7.5}% 84
\BOOKMARK [3][-]{subsubsection.6.7.5.10}{\376\377\0006\000.\0007\000.\0005\000.\0001\0000\000\040\000v\000I\000R\000Q\000\137\000G\000e\000t\000P\000e\000n\000d\000i\000n\000g\000I\000R\000Q\000\050\000\051}{subsection.6.7.5}% 85
\BOOKMARK [3][-]{subsubsection.6.7.5.11}{\376\377\0006\000.\0007\000.\0005\000.\0001\0001\000\040\000v\000I\000R\000Q\000\137\000G\000e\000t\000P\000r\000i\000o\000r\000i\000t\000y\000\050\000\051}{subsection.6.7.5}% 86
\BOOKMARK [3][-]{subsubsection.6.7.5.12}{\376\377\0006\000.\0007\000.\0005\000.\0001\0002\000\040\000v\000I\000R\000Q\000\137\000G\000e\000t\000V\000e\000c\000t\000o\000r\000\050\000\051}{subsection.6.7.5}% 87
\BOOKMARK [3][-]{subsubsection.6.7.5.13}{\376\377\0006\000.\0007\000.\0005\000.\0001\0003\000\040\000v\000I\000R\000Q\000\137\000S\000e\000t\000P\000e\000n\000d\000i\000n\000g\000I\000R\000Q\000\050\000\051}{subsection.6.7.5}% 88
\BOOKMARK [3][-]{subsubsection.6.7.5.14}{\376\377\0006\000.\0007\000.\0005\000.\0001\0004\000\040\000v\000I\000R\000Q\000\137\000S\000e\000t\000P\000r\000i\000o\000r\000i\000t\000y\000\050\000\051}{subsection.6.7.5}% 89
\BOOKMARK [3][-]{subsubsection.6.7.5.15}{\376\377\0006\000.\0007\000.\0005\000.\0001\0005\000\040\000v\000I\000R\000Q\000\137\000S\000e\000t\000V\000e\000c\000t\000o\000r\000\050\000\051}{subsection.6.7.5}% 90
\BOOKMARK [0][-]{chapter.7}{\376\377\0007\000\040\000S\000e\000c\000u\000r\000i\000t\000y\000\040\000G\000u\000i\000d\000e\000l\000i\000n\000e\000s}{}% 91
\BOOKMARK [1][-]{section.7.1}{\376\377\0007\000.\0001\000\040\000K\000e\000y\000\040\000M\000a\000n\000a\000g\000e\000m\000e\000n\000t}{chapter.7}% 92
\BOOKMARK [2][-]{subsection.7.1.1}{\376\377\0007\000.\0001\000.\0001\000\040\000D\000e\000e\000p\000t\000r\000u\000s\000t\000\040\000f\000o\000r\000\040\000P\000C\000I\000\047\000s\000\040\000k\000e\000y\000s}{section.7.1}% 93
\BOOKMARK [2][-]{subsection.7.1.2}{\376\377\0007\000.\0001\000.\0002\000\040\000A\000d\000d\000i\000t\000i\000o\000n\000a\000l\000\040\000k\000e\000y\000s}{section.7.1}% 94
\BOOKMARK [2][-]{subsection.7.1.3}{\376\377\0007\000.\0001\000.\0003\000\040\000S\000t\000o\000r\000i\000n\000g\000\040\000k\000e\000y\000s\000\040\000i\000n\000s\000i\000d\000e\000\040\000t\000h\000e\000\040\000M\000A\000X\0003\0002\0005\000x\000x}{section.7.1}% 95
\BOOKMARK [2][-]{subsection.7.1.4}{\376\377\0007\000.\0001\000.\0004\000\040\000D\000e\000v\000i\000c\000e\000\040\000P\000r\000o\000v\000i\000s\000i\000o\000n\000i\000n\000g}{section.7.1}% 96
\BOOKMARK [1][-]{section.7.2}{\376\377\0007\000.\0002\000\040\000S\000o\000f\000t\000w\000a\000r\000e\000\040\000d\000e\000v\000e\000l\000o\000p\000m\000e\000n\000t}{chapter.7}% 97
\BOOKMARK [2][-]{subsection.7.2.1}{\376\377\0007\000.\0002\000.\0001\000\040\000S\000o\000f\000t\000w\000a\000r\000e\000\040\000l\000a\000y\000o\000u\000t}{section.7.2}% 98
\BOOKMARK [2][-]{subsection.7.2.2}{\376\377\0007\000.\0002\000.\0002\000\040\000A\000d\000d\000i\000n\000g\000\040\000n\000e\000w\000\040\000b\000o\000x\000e\000s}{section.7.2}% 99
\BOOKMARK [2][-]{subsection.7.2.3}{\376\377\0007\000.\0002\000.\0003\000\040\000F\000i\000r\000m\000w\000a\000r\000e\000\040\000s\000i\000g\000n\000a\000t\000u\000r\000e}{section.7.2}% 100
\BOOKMARK [2][-]{subsection.7.2.4}{\376\377\0007\000.\0002\000.\0004\000\040\000S\000o\000f\000t\000w\000a\000r\000e\000\040\000m\000o\000d\000u\000l\000a\000r\000i\000t\000y}{section.7.2}% 101
\BOOKMARK [2][-]{subsection.7.2.5}{\376\377\0007\000.\0002\000.\0005\000\040\000S\000e\000c\000u\000r\000e\000\040\000b\000o\000x\000e\000s\000\040\000c\000o\000d\000e\000\040\000r\000e\000v\000i\000e\000w}{section.7.2}% 102
\BOOKMARK [2][-]{subsection.7.2.6}{\376\377\0007\000.\0002\000.\0006\000\040\000M\000i\000n\000i\000m\000a\000l\000\040\000c\000o\000n\000f\000i\000g\000u\000r\000a\000t\000i\000o\000n}{section.7.2}% 103
\BOOKMARK [2][-]{subsection.7.2.7}{\376\377\0007\000.\0002\000.\0007\000\040\000C\000r\000y\000p\000t\000o\000g\000r\000a\000p\000h\000i\000c\000\040\000s\000e\000r\000v\000i\000c\000e\000s}{section.7.2}% 104
\BOOKMARK [1][-]{section.7.3}{\376\377\0007\000.\0003\000\040\000P\000I\000N\000\040\000a\000n\000d\000\040\000c\000a\000r\000d\000h\000o\000l\000d\000e\000r\000\040\000d\000a\000t\000a\000\040\000m\000a\000n\000a\000g\000e\000m\000e\000n\000t}{chapter.7}% 105
\BOOKMARK [1][-]{section.7.4}{\376\377\0007\000.\0004\000\040\000P\000r\000o\000m\000p\000t\000\040\000m\000a\000n\000a\000g\000e\000m\000e\000n\000t}{chapter.7}% 106
\BOOKMARK [1][-]{section.7.5}{\376\377\0007\000.\0005\000\040\000S\000e\000l\000f\000\040\000T\000e\000s\000t\000s}{chapter.7}% 107
\BOOKMARK [1][-]{section.7.6}{\376\377\0007\000.\0006\000\040\000C\000u\000s\000t\000o\000m\000e\000r\000\040\000i\000n\000t\000e\000g\000r\000a\000t\000i\000o\000n}{chapter.7}% 108
\BOOKMARK [0][-]{chapter.8}{\376\377\0008\000\040\000R\000e\000f\000e\000r\000e\000n\000c\000e\000s}{}% 109
