session generation v3.0.0 (build 1) (c)Maxim IC 2006-2011
CHUNK_SIZE=409
UCL Version: 2.3.0-build216 (rev 1552) - release Release (Nov 30 2010)<session SCP-MAXQ1852-ECDSA>
<host>.0000001.erase-all-flash-areas
800700001101002a2a84643ef65faa0e395d78bd257aa05ce5c5db5b8e30fef14386581332b8c4a4a9397094d8a02bb73d6671e0f9abbbf0b2abfa8a3dd0faf2aade88afc380c4
<chip>.0000002.erase-all-flash-areas-response
00415350000000003e
<host>.0000003.load-customer-key
8047000001dc51d3866a15bacde33d96f992fca99da7e6ef0934e7097559c27f1614c88a7f2442a5cc0ecd015fa3ca31dc8e2bbc70bf42d60cbca20085e0822cb04235e9700200b0a5f03d60b7f6579cbbd48bccba76210f3ed5dc8ef633e0d89458af30e68becf319fdde498ae33d1ddb648775e7b8af0fc056cbb24c11d866dc3430862e3bca
<chip>.0000004.load-customer-key-response
00415350000000003e
<host>.0000005.erase-code-flash-area
8007000010030000930f572b86de2e6d1f05355066fdad915758eff208b9d11e6bd8dd3fe246f88b077bb92a1f9aef4e4778f7361101be6fe97340f27cf20dd465aebb00e385c7
<chip>.0000006.erase-code-flash-area-response
00415350000000003e
<host>.0000007.load-code
801300002000016054555657585960616204002a609c0d4c1b9e39ba3006b16510659f8cb228f4a39cc0425f40d99b3b0da6a11f8027316398171694ff5af498347c45829f03a3d0fe7953d6906662afe418cf
<chip>.0000008.load-code-response
00415350000000003e
<host>.0000009.verify-code
80130000300001605455565758596061620500c465e55c55683cc3c3df30217ac62c1fae38d905ee23f5ce027f780161afee81407f86794a771a1e4e9027fa101bfe033e88fc3be5dc5a1321d6e89028596d87
<chip>.0000010.verify-code-response
00415350000000003e
<host>.0000011.load-data
80130000210001605455565758596061620600451128ceeed7fc43d35083e80fd4f40111dff3ae698130efd36e7e212415094c41797671235cd22a6a39b9712ecd72c1c22256cf1948a2917668c5c4fdeb664c
<chip>.0000012.load-data-response
00415350000000003e
<host>.0000013.verify-data
801300003100016054555657585960616207008faea9fd2a08516ab9994346d1e90acd5428ce4484f81ab93cf9afcda15e878b8b04b07ea9c2bfc32340c9360d3bef451921f37d713341fed6ec82cfb571fbbc
<chip>.0000014.verify-data-response
00415350000000003e
<host>.0000015.write-register
800f00004000016054555657580800a2d450b52d1fe157a2207645240f7100215d6930ad5aecf22d676588ae409853db0655f65d4368d2ab3ec0eac25046110ce1af6df2fa981164fd4b9c6cd60fdb
<chip>.0000016.write-register-response
00415350000000003e
<host>.0000017.read-register
800b000041000160540900591ebd9e6a21c8546feabfb3a6be7cd4a53fa9efbd5d80fc784f967faa234511bd176c0d056a25c40bf81ce816ed0883267cb7cbb45f23308bf70a6cf480232b
<chip>.0000018.read-register-response
00415350000000003e
<host>.0000019.engage-pllo
800b000050504c4c4f0a00dba31fca7e795b435f96c41fc21d68301f4b87445b51ab8c5f13df0fa58f8b5bb0f4fe8dad7d2d6cac8ac3a10a61aa2cfeafd611ff04097f3b7267de92dce7d9
<chip>.0000020.engage-pllo-response
00415350000000003e
