session generation v3.7.4 (build 1) (c)Maxim IC 2006-2011
UCL Version: 2.3.4-snapshot1303141139 (rev ) - release Debug (Mar 14 2013)<session SCP-ANGELA-ECDSA>
<host>.0000001.CON_REQ
beefed01000090f3
<chip>.0000002.CON_REP
beefed0200009001
<host>.0000003.ACK
beefed06000090c7
<host>.0000004.DATA_TRANSFER-HELLO
beefed05000e90c31000000a48454c4c4f20424c030236920731
<chip>.0000005.ACK
beefed06000090c7
<chip>.0000006.DATA_TRANSFER-HELLO_REP
beefed05003691622000003248454c4c4f20484f535401000000000000c00500abcdef01000102abcdaef600000000000000000000000000000000000000a836acf6
<host>.0000007.ACK
beefed06000091a3
<host>.0000008.DATA_TRANSFER-write-crk
beefed0500c892dc5a000084470a0080a823c8857948dc688f3a3ef3f6f220a514f05c2c6c1cef8c9f2f8df11dcf01423be124619cbbeb51e985328e8e33d321cade19628cc0db43304a7b27f2db8efe5b5c553b6405a3bb432d76566e9e480798b27dcda0d69af22cc230df89cf548358ff5d3e7b147b4e0e62e146303b97d25bc9f0f98b864323adf3c9102906f76259cdc729250d01a213d1d5478f6592738a9237173035cb95db5feb59f12c3ca4e756205f0ddc846e84174671e50dfb5b8a037b495f1dc34b8e4b95b45ecc490e1dcd114a
<chip>.0000009.ACK
beefed0600009240
<chip>.0000010.DATA_TRANSFER-write_crk_response
beefed05000893bd5a00000400000000fc664624
<host>.0000011.ACK
beefed0600009302
<host>.0000012.DISC_REQ
beefed0300009496
<chip>.0000013.DISC_REP
beefed0400009488
