session generation v3.7.7 (build 1) (c)Maxim IC 2006-2011
UCL Version: 2.3.4-snapshot1303141139 (rev ) - release Debug (Mar 14 2013)<session SCP-ANGELA-ECDSA>
<host>.0000001.CON_REQ
beefed01000090f3
<chip>.0000002.CON_REP
beefed0200009001
<host>.0000003.ACK
beefed06000090c7
<host>.0000004.DATA_TRANSFER-HELLO
beefed05000e90c31000000a48454c4c4f20424c030236920731
<chip>.0000005.ACK
beefed06000090c7
<chip>.0000006.DATA_TRANSFER-HELLO_REP
beefed05003691622000003248454c4c4f20484f535401000000000000c00500abcdef01000102abcdaef600000000000000000000000000000000000000a836acf6
<host>.0000007.ACK
beefed06000091a3
<host>.0000008.DATA_TRANSFER-write-otp
beefed05005092935a00000c47140008b8000000001000009eaca30ef4b2a6fcf0df258fddbebe328f680feda6fd8b136be05f1c56e9af8322777465ecdb896dbcd0b9839e3a0a31c398081415d9d377c38797dcad45fe1a0e0607d4
<chip>.0000009.ACK
beefed0600009240
<chip>.0000010.DATA_TRANSFER-write_otp_response
beefed05000893bd5a00000400000000fc664624
<host>.0000011.ACK
beefed0600009302
<host>.0000012.DISC_REQ
beefed0300009496
<chip>.0000013.DISC_REP
beefed0400009488
