session generation v3.7.9 (build 1) (c)Maxim IC 2006-2011
UCL Version: 2.4.7-snapshot1409120937 (rev 2028-dirty) - release FREE_RELEASE (Sep 12 2014)<session SCP-ANGELA-ECDSA>
<host>.0000001.CON_REQ
beefed01000090f3
<chip>.0000002.CON_REP
beefed0200009001
<host>.0000003.ACK
beefed06000090c7
<host>.0000004.DATA_TRANSFER-HELLO
beefed05000e90c31000000a48454c4c4f20424c030236920731
<chip>.0000005.ACK
beefed06000090c7
<chip>.0000006.DATA_TRANSFER-HELLO_REP
beefed05003691622000003248454c4c4f20484f535401000000000000c00500abcdef01000102abcdaef600000000000000000000000000000000000000a836acf6
<host>.0000007.ACK
beefed06000091a3
<host>.0000008.DATA_TRANSFER-write-crk
beefed0500c892dc5a000084470a0080a823c8857948dc688f3a3ef3f6f220a514f05c2c6c1cef8c9f2f8df11dcf01423be124619cbbeb51e985328e8e33d321cade19628cc0db43304a7b27f2db8efea8a5a7d743a6f7c15add46c00614fd49b35a9c3ded623994fe5dc810be516462e1b2f0d63d41ec182b43b8984f83f4bfd7faa174368931c7f753f1edb0c57b321c16522b8e8eca51c877dc24430c5c7eb5ff884867c53ceb360bbd4fe168d75ed25003f504e289525febf059e4a095e00e63c1fd11c0dcb1d202f7d7a701a0978302a48a
<chip>.0000009.ACK
beefed0600009240
<chip>.0000010.DATA_TRANSFER-write_crk_response
beefed05000893bd5a00000400000000fc664624
<host>.0000011.ACK
beefed0600009302
<host>.0000012.DISC_REQ
beefed0300009496
<chip>.0000013.DISC_REP
beefed0400009488
