session generation v4.2.0 (Oct 20 2020 11:29:31) (c)Maxim Integrated
Session mode : SCP_PAOLA
<session SCP_PAOLA>
<target>.0000001.CON_REQ
beefed01000090f3
<host>.0000002.CON_REP
beefed0200009001
<target>.0000003.ACK
beefed06000090c7
<target>.0000004.DATA_TRANSFER
beefed05000e90c31000000a48454c4c4f20424c020250f336c6
<host>.0000005.ACK
beefed06000090c7
<host>.0000006.DATA_TRANSFER
beefed05003691622000003248454c4c4f20484f535401000000000000c0040043471fd203080c0700007f00000000000000000000000000000000000000a73ed287
<target>.0000007.ACK
beefed06000091a3
<target>.0000008.DATA_TRANSFER
beefed05010892fb59000004442800a734e26aa17ce0acb3bc21b696198cf2364ff8865e98d9d7a8f2a6c588292073ea626d1e87edc8f89778b432614264ae37337bad44c96a58192fefb649fb8de42cd2908cb4be3e6b608bb314be96f6c09877159af3c211365936936dc8ee165da8aacc92ba6611ff3b467a6b0cdb16d2848879cae6491ed8a194205dadfff33080a0afbbfb6b6a638a088f8134ba2ae9e6dcfc1927963080485a8bb19e1794ff08f0f1d70540000807ea9c8a8f5d863d09f72b11d9fdea7247e0b927bc2a12811713ad0e3a932a58f6584d1f397797480aa6cdb968b8b7a42164ed09851fd334f3a184f6dd19945c97d0bf4042af7b3d5456a1e70c6d172ce4a14040855d02b5b826f8ca18
<host>.0000009.ACK
beefed0600009240
<host>.0000010.DATA_TRANSFER
beefed05000893bd59000004000000000e7384c6
<target>.0000011.ACK
beefed0600009302
<target>.0000012.DISC_REQ
beefed0300009496
<host>.0000013.DISC_REP
beefed0400009488
